  AI.cpp
D:\CppProject\Game_Gomoku\AI.cpp(7,25): warning C4018: “<”: 有符号/无符号不匹配
D:\CppProject\Game_Gomoku\AI.cpp(10,26): warning C4018: “<”: 有符号/无符号不匹配
D:\CppProject\Game_Gomoku\AI.cpp(52,29): warning C4018: “<”: 有符号/无符号不匹配
D:\CppProject\Game_Gomoku\AI.cpp(54,30): warning C4018: “<”: 有符号/无符号不匹配
  ChessBoard.cpp
D:\CppProject\Game_Gomoku\ChessBoard.cpp(25,13): warning C4244: “初始化”: 从“float”转换到“int”，可能丢失数据
D:\CppProject\Game_Gomoku\ChessBoard.cpp(26,13): warning C4244: “初始化”: 从“float”转换到“int”，可能丢失数据
D:\CppProject\Game_Gomoku\ChessBoard.cpp(28,13): warning C4244: “初始化”: 从“double”转换到“int”，可能丢失数据
D:\CppProject\Game_Gomoku\ChessBoard.cpp(36,13): warning C4244: “=”: 从“double”转换到“int”，可能丢失数据
D:\CppProject\Game_Gomoku\ChessBoard.cpp(48,13): warning C4244: “=”: 从“double”转换到“int”，可能丢失数据
D:\CppProject\Game_Gomoku\ChessBoard.cpp(60,13): warning C4244: “=”: 从“double”转换到“int”，可能丢失数据
D:\CppProject\Game_Gomoku\ChessBoard.cpp(72,13): warning C4244: “=”: 从“double”转换到“int”，可能丢失数据
D:\CppProject\Game_Gomoku\ChessBoard.cpp(217,25): warning C4018: “<”: 有符号/无符号不匹配
D:\CppProject\Game_Gomoku\ChessBoard.cpp(219,26): warning C4018: “<”: 有符号/无符号不匹配
D:\CppProject\Game_Gomoku\ChessBoard.cpp(235,20): warning C4244: “=”: 从“float”转换到“int”，可能丢失数据
D:\CppProject\Game_Gomoku\ChessBoard.cpp(236,20): warning C4244: “=”: 从“float”转换到“int”，可能丢失数据
D:\CppProject\Game_Gomoku\ChessBoard.cpp(245,20): warning C4244: “=”: 从“float”转换到“int”，可能丢失数据
D:\CppProject\Game_Gomoku\ChessBoard.cpp(246,20): warning C4244: “=”: 从“float”转换到“int”，可能丢失数据
D:\CppProject\Game_Gomoku\ChessBoard.cpp(265,25): warning C4018: “<”: 有符号/无符号不匹配
D:\CppProject\Game_Gomoku\ChessBoard.cpp(268,26): warning C4018: “<”: 有符号/无符号不匹配
  GameMode.cpp
  Player.cpp
  main.cpp
D:\CppProject\Game_Gomoku\main.cpp(9,42): warning C4305: “参数”: 从“double”到“float”截断
  正在生成代码...
  Game_Gomoku.vcxproj -> D:\CppProject\Game_Gomoku\x64\Debug\Game_Gomoku.exe
